SF:C:\Users\Sixten\Desktop\Källkodsarkiv\Poker Test\Poker\PokerLib\Card.cs
FN:15,Poker.Suite Poker.Lib.Card::get_Suite()
FNDA:180,Poker.Suite Poker.Lib.Card::get_Suite()
DA:16,180
FN:16,Poker.Rank Poker.Lib.Card::get_Rank()
FNDA:1656,Poker.Rank Poker.Lib.Card::get_Rank()
DA:17,1656
FN:9,System.Void Poker.Lib.Card::.ctor(Poker.Suite,Poker.Rank)
FNDA:180,System.Void Poker.Lib.Card::.ctor(Poker.Suite,Poker.Rank)
DA:10,180
DA:11,180
DA:12,180
DA:13,180
DA:14,180
LF:7
LH:7
BRF:0
BRH:0
FNF:3
FNH:3
end_of_record
SF:C:\Users\Sixten\Desktop\Källkodsarkiv\Poker Test\Poker\PokerLib\Dealer.cs
FN:21,System.Void Poker.Lib.Dealer::OnNewDeal()
FNDA:0,System.Void Poker.Lib.Dealer::OnNewDeal()
DA:22,0
DA:23,0
DA:24,0
DA:25,0
DA:26,0
FN:27,System.Void Poker.Lib.Dealer::Returncards()
FNDA:0,System.Void Poker.Lib.Dealer::Returncards()
DA:28,0
DA:29,0
DA:31,0
DA:32,0
FN:34,System.Collections.Generic.List`1<Poker.Lib.Player> Poker.Lib.Dealer::Declarewinner()
FNDA:0,System.Collections.Generic.List`1<Poker.Lib.Player> Poker.Lib.Dealer::Declarewinner()
DA:35,0
DA:36,0
DA:38,0
DA:39,0
DA:41,0
DA:42,0
DA:43,0
DA:44,0
DA:45,0
DA:46,0
DA:47,0
DA:48,0
DA:49,0
DA:50,0
DA:51,0
DA:52,0
DA:53,0
DA:54,0
DA:55,0
DA:56,0
BRDA:41,154,1,0
BRDA:44,65,0,0
BRDA:44,65,1,0
BRDA:50,115,0,0
BRDA:50,115,1,0
BRDA:41,154,0,0
FN:58,System.Void Poker.Lib.Dealer::FirstDeal()
FNDA:0,System.Void Poker.Lib.Dealer::FirstDeal()
DA:59,0
DA:60,0
DA:61,0
DA:62,0
DA:63,0
DA:64,0
DA:65,0
DA:66,0
DA:67,0
BRDA:60,68,1,0
BRDA:62,55,1,0
BRDA:62,55,0,0
BRDA:60,68,0,0
FN:69,Poker.ICard Poker.Lib.Dealer::GiveNewCard()
FNDA:0,Poker.ICard Poker.Lib.Dealer::GiveNewCard()
DA:70,0
DA:71,0
DA:72,0
FN:6,System.Void Poker.Lib.Dealer::.ctor(Poker.Lib.Player[])
FNDA:0,System.Void Poker.Lib.Dealer::.ctor(Poker.Lib.Player[])
DA:7,0
DA:9,0
DA:11,0
DA:12,0
DA:13,0
DA:15,0
DA:16,0
DA:17,0
DA:18,0
DA:19,0
BRDA:15,70,1,0
BRDA:15,70,0,0
LF:51
LH:0
BRF:12
BRH:0
FNF:6
FNH:0
end_of_record
SF:C:\Users\Sixten\Desktop\Källkodsarkiv\Poker Test\Poker\PokerLib\Deck.cs
FN:26,System.Void Poker.Lib.Deck::Shuffle()
FNDA:0,System.Void Poker.Lib.Deck::Shuffle()
DA:27,0
DA:28,0
DA:29,0
DA:30,0
DA:31,0
DA:32,0
DA:33,0
DA:34,0
DA:35,0
DA:36,0
DA:37,0
BRDA:29,93,1,0
BRDA:29,93,0,0
FN:39,Poker.ICard Poker.Lib.Deck::DrawTopCard()
FNDA:0,Poker.ICard Poker.Lib.Deck::DrawTopCard()
DA:40,0
DA:41,0
DA:42,0
DA:43,0
DA:44,0
DA:45,0
DA:48,0
DA:49,0
DA:50,0
BRDA:41,7,0,0
BRDA:41,7,1,0
BRDA:41,28,0,0
BRDA:41,28,1,0
FN:51,System.Void Poker.Lib.Deck::ReturnCard(Poker.Lib.Player[])
FNDA:0,System.Void Poker.Lib.Deck::ReturnCard(Poker.Lib.Player[])
DA:52,0
DA:53,0
DA:54,0
DA:55,0
DA:56,0
DA:57,0
DA:58,0
DA:59,0
DA:60,0
DA:61,0
BRDA:53,104,1,0
BRDA:55,70,1,0
BRDA:55,70,0,0
BRDA:53,104,0,0
FN:7,System.Void Poker.Lib.Deck::.ctor()
FNDA:0,System.Void Poker.Lib.Deck::.ctor()
DA:8,0
DA:9,0
DA:10,0
DA:11,0
DA:12,0
DA:13,0
DA:15,0
DA:16,0
DA:17,0
DA:18,0
DA:19,0
DA:20,0
DA:21,0
DA:22,0
BRDA:11,89,1,0
BRDA:15,73,1,0
BRDA:15,73,0,0
BRDA:11,89,0,0
FN:23,System.Void Poker.Lib.Deck::.cctor()
FNDA:0,System.Void Poker.Lib.Deck::.cctor()
DA:24,0
LF:45
LH:0
BRF:14
BRH:0
FNF:5
FNH:0
end_of_record
SF:C:\Users\Sixten\Desktop\Källkodsarkiv\Poker Test\Poker\PokerLib\GameFactory.cs
FN:5,Poker.Lib.IPokerGame Poker.Lib.GameFactory::NewGame(System.String[])
FNDA:0,Poker.Lib.IPokerGame Poker.Lib.GameFactory::NewGame(System.String[])
DA:6,0
DA:7,0
DA:8,0
DA:9,0
FN:11,Poker.Lib.IPokerGame Poker.Lib.GameFactory::LoadGame(System.String)
FNDA:0,Poker.Lib.IPokerGame Poker.Lib.GameFactory::LoadGame(System.String)
DA:12,0
DA:13,0
DA:14,0
DA:15,0
LF:8
LH:0
BRF:0
BRH:0
FNF:2
FNH:0
end_of_record
SF:C:\Users\Sixten\Desktop\Källkodsarkiv\Poker Test\Poker\PokerLib\Graveyard.cs
FN:7,System.Void Poker.Lib.Graveyard::.ctor()
FNDA:36,System.Void Poker.Lib.Graveyard::.ctor()
DA:8,36
LF:1
LH:1
BRF:0
BRH:0
FNF:1
FNH:1
end_of_record
SF:C:\Users\Sixten\Desktop\Källkodsarkiv\Poker Test\Poker\PokerLib\Player.cs
FN:11,System.String Poker.Lib.Player::get_Name()
FNDA:0,System.String Poker.Lib.Player::get_Name()
DA:12,0
FN:14,System.Int32 Poker.Lib.Player::get_Wins()
FNDA:0,System.Int32 Poker.Lib.Player::get_Wins()
DA:15,0
FN:23,Poker.ICard[] Poker.Lib.Player::get_Hand()
FNDA:180,Poker.ICard[] Poker.Lib.Player::get_Hand()
DA:24,180
FN:26,Poker.HandType Poker.Lib.Player::get_HandType()
FNDA:36,Poker.HandType Poker.Lib.Player::get_HandType()
DA:27,36
FN:32,System.Void Poker.Lib.Player::BeforeShowHand()
FNDA:36,System.Void Poker.Lib.Player::BeforeShowHand()
DA:33,36
DA:34,36
DA:35,36
DA:37,468
DA:38,180
DA:39,180
DA:40,180
DA:41,180
DA:42,36
BRDA:37,72,1,180
BRDA:39,43,0,180
BRDA:39,43,1,180
BRDA:37,72,0,36
FN:44,System.Void Poker.Lib.Player::SortCards()
FNDA:36,System.Void Poker.Lib.Player::SortCards()
DA:45,36
DA:46,432
DA:47,180
DA:49,180
DA:51,1800
DA:52,720
DA:53,720
DA:55,720
DA:56,0
DA:57,0
DA:59,0
DA:60,0
DA:61,0
DA:62,0
DA:63,0
DA:64,0
DA:65,0
DA:66,720
DA:67,0
DA:68,0
DA:69,0
DA:70,0
DA:71,0
DA:72,720
DA:73,180
DA:74,36
BRDA:46,246,1,180
BRDA:51,221,1,720
BRDA:55,66,0,0
BRDA:59,109,0,0
BRDA:59,109,1,0
BRDA:55,66,1,720
BRDA:66,164,0,0
BRDA:66,164,1,720
BRDA:51,221,0,180
BRDA:46,246,0,36
FN:76,Poker.HandType Poker.Lib.Player::GetHandType()
FNDA:36,Poker.HandType Poker.Lib.Player::GetHandType()
DA:77,36
DA:78,36
DA:79,36
DA:81,36
DA:82,36
DA:83,36
DA:84,4
DA:85,4
DA:88,32
DA:89,32
DA:94,0
DA:96,0
DA:97,0
DA:99,0
DA:100,0
DA:102,0
DA:103,0
DA:105,0
DA:106,0
DA:108,0
DA:109,0
DA:111,0
DA:112,0
DA:114,0
DA:115,0
DA:117,0
DA:118,36
BRDA:81,42,0,36
BRDA:83,66,0,4
BRDA:83,66,1,32
BRDA:81,42,1,0
BRDA:96,121,0,0
BRDA:96,121,1,0
BRDA:99,148,0,0
BRDA:99,148,1,0
BRDA:102,160,0,0
BRDA:102,160,1,0
BRDA:105,172,0,0
BRDA:105,172,1,0
BRDA:108,192,0,0
BRDA:108,192,1,0
BRDA:111,219,0,0
BRDA:111,219,1,0
BRDA:114,239,0,0
BRDA:114,239,1,0
FN:120,System.Boolean Poker.Lib.Player::IsStraight(Poker.ICard[])
FNDA:36,System.Boolean Poker.Lib.Player::IsStraight(Poker.ICard[])
DA:121,36
DA:122,36
DA:123,360
DA:124,144
DA:125,144
DA:126,0
DA:127,0
DA:129,144
DA:130,144
DA:131,36
DA:132,36
BRDA:123,59,1,144
BRDA:125,35,0,0
BRDA:125,35,1,144
BRDA:123,59,0,36
FN:134,System.Boolean Poker.Lib.Player::IsAllSameSuit(Poker.ICard[])
FNDA:36,System.Boolean Poker.Lib.Player::IsAllSameSuit(Poker.ICard[])
DA:135,36
DA:136,36
DA:137,360
DA:138,144
DA:139,144
DA:140,0
DA:141,0
DA:143,144
DA:144,36
DA:145,36
BRDA:137,53,1,144
BRDA:139,31,0,0
BRDA:139,31,1,144
BRDA:137,53,0,36
FN:147,System.Void Poker.Lib.Player::FindSetsOfCardsWithSameValue(Poker.ICard[],System.Collections.Generic.List`1<System.Int32>&,System.Collections.Generic.List`1<System.Int32>&)
FNDA:0,System.Void Poker.Lib.Player::FindSetsOfCardsWithSameValue(Poker.ICard[],System.Collections.Generic.List`1<System.Int32>&,System.Collections.Generic.List`1<System.Int32>&)
DA:148,0
DA:150,0
DA:151,0
DA:152,0
DA:153,0
FN:155,System.Collections.Generic.List`1<System.Int32> Poker.Lib.Player::FindSetsOfCardsWithSameValue_Helper(Poker.ICard[],System.Int32&)
FNDA:0,System.Collections.Generic.List`1<System.Int32> Poker.Lib.Player::FindSetsOfCardsWithSameValue_Helper(Poker.ICard[],System.Int32&)
DA:156,0
DA:157,0
DA:158,0
DA:159,0
DA:160,0
DA:161,0
DA:162,0
DA:163,0
DA:164,0
DA:165,0
DA:166,0
DA:167,0
DA:168,0
DA:169,0
DA:170,0
DA:171,0
DA:173,0
DA:174,0
DA:175,0
BRDA:158,115,1,0
BRDA:162,38,0,0
BRDA:164,54,0,0
BRDA:164,54,1,0
BRDA:162,38,1,0
BRDA:168,88,0,0
BRDA:168,88,1,0
BRDA:158,115,0,0
FN:176,System.Void Poker.Lib.Player::set_Discard(Poker.ICard[])
FNDA:0,System.Void Poker.Lib.Player::set_Discard(Poker.ICard[])
DA:177,0
FN:178,Poker.ICard[] Poker.Lib.Player::HandAfterDiscard(Poker.ICard[])
FNDA:0,Poker.ICard[] Poker.Lib.Player::HandAfterDiscard(Poker.ICard[])
DA:179,0
DA:180,0
DA:181,0
DA:182,0
DA:183,0
DA:184,0
DA:185,0
DA:186,0
DA:187,0
DA:188,0
DA:189,0
DA:190,0
DA:191,0
DA:192,0
BRDA:180,99,1,0
BRDA:182,82,1,0
BRDA:184,26,0,0
BRDA:184,26,1,0
BRDA:182,82,0,0
BRDA:180,99,0,0
FN:16,System.Void Poker.Lib.Player::.ctor(System.String,System.Int32)
FNDA:36,System.Void Poker.Lib.Player::.ctor(System.String,System.Int32)
DA:17,36
DA:18,36
DA:19,36
DA:20,36
DA:21,36
DA:22,36
LF:132
LH:57
BRF:54
BRH:19
FNF:14
FNH:8
end_of_record
SF:C:\Users\Sixten\Desktop\Källkodsarkiv\Poker Test\Poker\PokerLib\PokerGame.cs
FN:10,Poker.IPlayer[] Poker.Lib.PokerGame::get_Players()
FNDA:0,Poker.IPlayer[] Poker.Lib.PokerGame::get_Players()
DA:11,0
FN:48,System.Void Poker.Lib.PokerGame::RunGame()
FNDA:0,System.Void Poker.Lib.PokerGame::RunGame()
DA:49,0
DA:50,0
DA:51,0
DA:52,0
DA:53,0
DA:54,0
DA:56,0
DA:58,0
DA:59,0
DA:60,0
DA:62,0
DA:63,0
DA:65,0
DA:66,0
DA:67,0
DA:68,0
DA:69,0
DA:70,0
DA:72,0
DA:73,0
DA:74,0
DA:76,0
DA:77,0
DA:78,0
DA:79,0
DA:81,0
DA:82,0
DA:83,0
DA:84,0
DA:85,0
DA:86,0
DA:87,0
DA:88,0
DA:89,0
DA:91,0
DA:92,0
DA:93,0
DA:94,0
DA:95,0
DA:96,0
DA:97,0
DA:98,0
BRDA:51,438,1,0
BRDA:53,35,0,0
BRDA:53,35,1,0
BRDA:58,261,1,0
BRDA:62,94,0,0
BRDA:62,94,1,0
BRDA:65,190,1,0
BRDA:67,145,0,0
BRDA:67,145,1,0
BRDA:65,190,0,0
BRDA:72,219,0,0
BRDA:72,219,1,0
BRDA:58,261,0,0
BRDA:76,279,0,0
BRDA:76,279,1,0
BRDA:82,320,0,0
BRDA:84,336,0,0
BRDA:84,336,1,0
BRDA:82,320,1,0
BRDA:92,397,0,0
BRDA:92,397,1,0
BRDA:51,438,0,0
FN:100,System.Void Poker.Lib.PokerGame::Exit()
FNDA:0,System.Void Poker.Lib.PokerGame::Exit()
DA:101,0
DA:102,0
DA:103,0
FN:104,System.Void Poker.Lib.PokerGame::SaveGameAndExit(System.String)
FNDA:0,System.Void Poker.Lib.PokerGame::SaveGameAndExit(System.String)
DA:105,0
DA:109,0
DA:110,0
DA:112,0
DA:113,0
DA:114,0
DA:115,0
DA:116,0
DA:118,0
DA:119,0
DA:120,0
DA:121,0
DA:122,0
DA:123,0
BRDA:112,86,1,0
BRDA:112,86,0,0
FN:12,System.Void Poker.Lib.PokerGame::.ctor(System.String[])
FNDA:0,System.Void Poker.Lib.PokerGame::.ctor(System.String[])
DA:13,0
DA:14,0
DA:15,0
DA:16,0
DA:17,0
DA:18,0
DA:19,0
DA:20,0
DA:47,0
BRDA:16,64,1,0
BRDA:16,64,0,0
FN:21,System.Void Poker.Lib.PokerGame::.ctor(System.String)
FNDA:0,System.Void Poker.Lib.PokerGame::.ctor(System.String)
DA:22,0
DA:23,0
DA:24,0
DA:25,0
DA:26,0
DA:27,0
DA:28,0
DA:29,0
DA:31,0
DA:32,0
DA:33,0
DA:34,0
DA:35,0
DA:36,0
DA:37,0
BRDA:24,23,0,0
BRDA:32,131,1,0
BRDA:32,131,0,0
BRDA:24,23,1,0
LF:84
LH:0
BRF:30
BRH:0
FNF:6
FNH:0
end_of_record